-------------------------------------------------------------------------------
Test set: Reto2_Web.Reto2WebApplicationTests
-------------------------------------------------------------------------------
Tests run: 1, Failures: 0, Errors: 1, Skipped: 0, Time elapsed: 11.802 s <<< FAILURE! - in Reto2_Web.Reto2WebApplicationTests
contextLoads  Time elapsed: 0.003 s  <<< ERROR!
java.lang.IllegalStateException: Failed to load ApplicationContext
Caused by: org.springframework.beans.factory.UnsatisfiedDependencyException: Error creating bean with name 'orderController': Unsatisfied dependency expressed through field 'orderService'; nested exception is org.springframework.beans.factory.UnsatisfiedDependencyException: Error creating bean with name 'orderService': Unsatisfied dependency expressed through field 'orderRepository'; nested exception is org.springframework.beans.factory.UnsatisfiedDependencyException: Error creating bean with name 'orderRepository': Unsatisfied dependency expressed through field 'orderCrudRepository'; nested exception is org.springframework.beans.factory.BeanCreationException: Error creating bean with name 'interfaceOrder' defined in Reto2_Web.infertace.InterfaceOrder defined in @EnableMongoRepositories declared on MongoRepositoriesRegistrar.EnableMongoRepositoriesConfiguration: Invocation of init method failed; nested exception is org.springframework.data.repository.query.QueryCreationException: Could not create query for public abstract java.util.List Reto2_Web.infertace.InterfaceOrder.finBySalesManIdAndStatus(java.lang.Integer,java.lang.String)! Reason: No property finBySalesManId found for type Order!; nested exception is org.springframework.data.mapping.PropertyReferenceException: No property finBySalesManId found for type Order!
Caused by: org.springframework.beans.factory.UnsatisfiedDependencyException: Error creating bean with name 'orderService': Unsatisfied dependency expressed through field 'orderRepository'; nested exception is org.springframework.beans.factory.UnsatisfiedDependencyException: Error creating bean with name 'orderRepository': Unsatisfied dependency expressed through field 'orderCrudRepository'; nested exception is org.springframework.beans.factory.BeanCreationException: Error creating bean with name 'interfaceOrder' defined in Reto2_Web.infertace.InterfaceOrder defined in @EnableMongoRepositories declared on MongoRepositoriesRegistrar.EnableMongoRepositoriesConfiguration: Invocation of init method failed; nested exception is org.springframework.data.repository.query.QueryCreationException: Could not create query for public abstract java.util.List Reto2_Web.infertace.InterfaceOrder.finBySalesManIdAndStatus(java.lang.Integer,java.lang.String)! Reason: No property finBySalesManId found for type Order!; nested exception is org.springframework.data.mapping.PropertyReferenceException: No property finBySalesManId found for type Order!
Caused by: org.springframework.beans.factory.UnsatisfiedDependencyException: Error creating bean with name 'orderRepository': Unsatisfied dependency expressed through field 'orderCrudRepository'; nested exception is org.springframework.beans.factory.BeanCreationException: Error creating bean with name 'interfaceOrder' defined in Reto2_Web.infertace.InterfaceOrder defined in @EnableMongoRepositories declared on MongoRepositoriesRegistrar.EnableMongoRepositoriesConfiguration: Invocation of init method failed; nested exception is org.springframework.data.repository.query.QueryCreationException: Could not create query for public abstract java.util.List Reto2_Web.infertace.InterfaceOrder.finBySalesManIdAndStatus(java.lang.Integer,java.lang.String)! Reason: No property finBySalesManId found for type Order!; nested exception is org.springframework.data.mapping.PropertyReferenceException: No property finBySalesManId found for type Order!
Caused by: org.springframework.beans.factory.BeanCreationException: Error creating bean with name 'interfaceOrder' defined in Reto2_Web.infertace.InterfaceOrder defined in @EnableMongoRepositories declared on MongoRepositoriesRegistrar.EnableMongoRepositoriesConfiguration: Invocation of init method failed; nested exception is org.springframework.data.repository.query.QueryCreationException: Could not create query for public abstract java.util.List Reto2_Web.infertace.InterfaceOrder.finBySalesManIdAndStatus(java.lang.Integer,java.lang.String)! Reason: No property finBySalesManId found for type Order!; nested exception is org.springframework.data.mapping.PropertyReferenceException: No property finBySalesManId found for type Order!
Caused by: org.springframework.data.repository.query.QueryCreationException: Could not create query for public abstract java.util.List Reto2_Web.infertace.InterfaceOrder.finBySalesManIdAndStatus(java.lang.Integer,java.lang.String)! Reason: No property finBySalesManId found for type Order!; nested exception is org.springframework.data.mapping.PropertyReferenceException: No property finBySalesManId found for type Order!
Caused by: org.springframework.data.mapping.PropertyReferenceException: No property finBySalesManId found for type Order!

